# JRE version: Java(TM) SE Runtime Environment (8.0_121-b13) (build 1.8.0_121-b13)
# Java VM: Java HotSpot(TM) 64-Bit Server VM (25.121-b13 mixed mode linux-amd64 compressed oops)
Heap:
 PSYoungGen      total 301056K, used 43516K [0x00000000d5580000, 0x00000000ea600000, 0x0000000100000000)
  eden space 257536K, 0% used [0x00000000d5580000,0x00000000d5580000,0x00000000e5100000)
  from space 43520K, 99% used [0x00000000e5100000,0x00000000e7b7f380,0x00000000e7b80000)
  to   space 37888K, 0% used [0x00000000e8080000,0x00000000e8080000,0x00000000ea580000)
 ParOldGen       total 124928K, used 89627K [0x0000000080000000, 0x0000000087a00000, 0x00000000d5580000)
  object space 124928K, 71% used [0x0000000080000000,0x0000000085786cf8,0x0000000087a00000)
 Metaspace       used 51522K, capacity 52720K, committed 52864K, reserved 1095680K
  class space    used 6958K, capacity 7228K, committed 7296K, reserved 1048576K
GC Heap History (10 events):
Event: 9.040 GC heap after
Heap after GC invocations=13 (full 2):
 PSYoungGen      total 173056K, used 16360K [0x00000000d5580000, 0x00000000e3f80000, 0x0000000100000000)
  eden space 156672K, 0% used [0x00000000d5580000,0x00000000d5580000,0x00000000dee80000)
  from space 16384K, 99% used [0x00000000dee80000,0x00000000dfe7a288,0x00000000dfe80000)
  to   space 19456K, 0% used [0x00000000e2c80000,0x00000000e2c80000,0x00000000e3f80000)
 ParOldGen       total 61440K, used 22552K [0x0000000080000000, 0x0000000083c00000, 0x00000000d5580000)
  object space 61440K, 36% used [0x0000000080000000,0x00000000816061f0,0x0000000083c00000)
 Metaspace       used 48954K, capacity 50096K, committed 50304K, reserved 1093632K
  class space    used 6755K, capacity 7036K, committed 7040K, reserved 1048576K
}
Event: 9.976 GC heap before
{Heap before GC invocations=14 (full 2):
 PSYoungGen      total 173056K, used 173032K [0x00000000d5580000, 0x00000000e3f80000, 0x0000000100000000)
  eden space 156672K, 100% used [0x00000000d5580000,0x00000000dee80000,0x00000000dee80000)
  from space 16384K, 99% used [0x00000000dee80000,0x00000000dfe7a288,0x00000000dfe80000)
  to   space 19456K, 0% used [0x00000000e2c80000,0x00000000e2c80000,0x00000000e3f80000)
 ParOldGen       total 61440K, used 22552K [0x0000000080000000, 0x0000000083c00000, 0x00000000d5580000)
  object space 61440K, 36% used [0x0000000080000000,0x00000000816061f0,0x0000000083c00000)
 Metaspace       used 51009K, capacity 52208K, committed 52352K, reserved 1093632K
  class space    used 6949K, capacity 7228K, committed 7296K, reserved 1048576K
Event: 10.023 GC heap after
Heap after GC invocations=14 (full 2):
 PSYoungGen      total 213504K, used 19451K [0x00000000d5580000, 0x00000000e5100000, 0x0000000100000000)
  eden space 194048K, 0% used [0x00000000d5580000,0x00000000d5580000,0x00000000e1300000)
  from space 19456K, 99% used [0x00000000e2c80000,0x00000000e3f7ed18,0x00000000e3f80000)
  to   space 26112K, 0% used [0x00000000e1300000,0x00000000e1300000,0x00000000e2c80000)
 ParOldGen       total 61440K, used 33359K [0x0000000080000000, 0x0000000083c00000, 0x00000000d5580000)
  object space 61440K, 54% used [0x0000000080000000,0x0000000082093fb8,0x0000000083c00000)
 Metaspace       used 51009K, capacity 52208K, committed 52352K, reserved 1093632K
  class space    used 6949K, capacity 7228K, committed 7296K, reserved 1048576K
}
Event: 10.949 GC heap before
{Heap before GC invocations=15 (full 2):
 PSYoungGen      total 213504K, used 213499K [0x00000000d5580000, 0x00000000e5100000, 0x0000000100000000)
  eden space 194048K, 100% used [0x00000000d5580000,0x00000000e1300000,0x00000000e1300000)
  from space 19456K, 99% used [0x00000000e2c80000,0x00000000e3f7ed18,0x00000000e3f80000)
  to   space 26112K, 0% used [0x00000000e1300000,0x00000000e1300000,0x00000000e2c80000)
 ParOldGen       total 61440K, used 33359K [0x0000000080000000, 0x0000000083c00000, 0x00000000d5580000)
  object space 61440K, 54% used [0x0000000080000000,0x0000000082093fb8,0x0000000083c00000)
 Metaspace       used 51277K, capacity 52464K, committed 52608K, reserved 1095680K
  class space    used 6956K, capacity 7228K, committed 7296K, reserved 1048576K
Event: 11.064 GC heap after
Heap after GC invocations=15 (full 2):
 PSYoungGen      total 220160K, used 26104K [0x00000000d5580000, 0x00000000ea580000, 0x0000000100000000)
  eden space 194048K, 0% used [0x00000000d5580000,0x00000000d5580000,0x00000000e1300000)
  from space 26112K, 99% used [0x00000000e1300000,0x00000000e2c7e078,0x00000000e2c80000)
  to   space 37888K, 0% used [0x00000000e8080000,0x00000000e8080000,0x00000000ea580000)
 ParOldGen       total 61440K, used 54188K [0x0000000080000000, 0x0000000083c00000, 0x00000000d5580000)
  object space 61440K, 88% used [0x0000000080000000,0x00000000834eb080,0x0000000083c00000)
 Metaspace       used 51277K, capacity 52464K, committed 52608K, reserved 1095680K
  class space    used 6956K, capacity 7228K, committed 7296K, reserved 1048576K
}
Event: 11.064 GC heap before
{Heap before GC invocations=16 (full 3):
 PSYoungGen      total 220160K, used 26104K [0x00000000d5580000, 0x00000000ea580000, 0x0000000100000000)
  eden space 194048K, 0% used [0x00000000d5580000,0x00000000d5580000,0x00000000e1300000)
  from space 26112K, 99% used [0x00000000e1300000,0x00000000e2c7e078,0x00000000e2c80000)
  to   space 37888K, 0% used [0x00000000e8080000,0x00000000e8080000,0x00000000ea580000)
 ParOldGen       total 61440K, used 54188K [0x0000000080000000, 0x0000000083c00000, 0x00000000d5580000)
  object space 61440K, 88% used [0x0000000080000000,0x00000000834eb080,0x0000000083c00000)
 Metaspace       used 51277K, capacity 52464K, committed 52608K, reserved 1095680K
  class space    used 6956K, capacity 7228K, committed 7296K, reserved 1048576K
Event: 11.558 GC heap after
Heap after GC invocations=16 (full 3):
 PSYoungGen      total 220160K, used 12762K [0x00000000d5580000, 0x00000000ea580000, 0x0000000100000000)
  eden space 194048K, 0% used [0x00000000d5580000,0x00000000d5580000,0x00000000e1300000)
  from space 26112K, 48% used [0x00000000e1300000,0x00000000e1f769e0,0x00000000e2c80000)
  to   space 37888K, 0% used [0x00000000e8080000,0x00000000e8080000,0x00000000ea580000)
 ParOldGen       total 124928K, used 61345K [0x0000000080000000, 0x0000000087a00000, 0x00000000d5580000)
  object space 124928K, 49% used [0x0000000080000000,0x0000000083be8668,0x0000000087a00000)
 Metaspace       used 51277K, capacity 52464K, committed 52608K, reserved 1095680K
  class space    used 6956K, capacity 7228K, committed 7296K, reserved 1048576K
}
Event: 12.180 GC heap before
{Heap before GC invocations=17 (full 3):
 PSYoungGen      total 220160K, used 206810K [0x00000000d5580000, 0x00000000ea580000, 0x0000000100000000)
  eden space 194048K, 100% used [0x00000000d5580000,0x00000000e1300000,0x00000000e1300000)
  from space 26112K, 48% used [0x00000000e1300000,0x00000000e1f769e0,0x00000000e2c80000)
  to   space 37888K, 0% used [0x00000000e8080000,0x00000000e8080000,0x00000000ea580000)
 ParOldGen       total 124928K, used 61345K [0x0000000080000000, 0x0000000087a00000, 0x00000000d5580000)
  object space 124928K, 49% used [0x0000000080000000,0x0000000083be8668,0x0000000087a00000)
 Metaspace       used 51423K, capacity 52592K, committed 52864K, reserved 1095680K
  class space    used 6958K, capacity 7228K, committed 7296K, reserved 1048576K
Event: 12.240 GC heap after
Heap after GC invocations=17 (full 3):
 PSYoungGen      total 295424K, used 35046K [0x00000000d5580000, 0x00000000ea600000, 0x0000000100000000)
  eden space 257536K, 0% used [0x00000000d5580000,0x00000000d5580000,0x00000000e5100000)
  from space 37888K, 92% used [0x00000000e8080000,0x00000000ea2b9990,0x00000000ea580000)
  to   space 43520K, 0% used [0x00000000e5100000,0x00000000e5100000,0x00000000e7b80000)
 ParOldGen       total 124928K, used 63305K [0x0000000080000000, 0x0000000087a00000, 0x00000000d5580000)
  object space 124928K, 50% used [0x0000000080000000,0x0000000083dd26a8,0x0000000087a00000)
 Metaspace       used 51423K, capacity 52592K, committed 52864K, reserved 1095680K
  class space    used 6958K, capacity 7228K, committed 7296K, reserved 1048576K
}
Event: 12.888 GC heap before
{Heap before GC invocations=18 (full 3):
 PSYoungGen      total 295424K, used 292582K [0x00000000d5580000, 0x00000000ea600000, 0x0000000100000000)
  eden space 257536K, 100% used [0x00000000d5580000,0x00000000e5100000,0x00000000e5100000)
  from space 37888K, 92% used [0x00000000e8080000,0x00000000ea2b9990,0x00000000ea580000)
  to   space 43520K, 0% used [0x00000000e5100000,0x00000000e5100000,0x00000000e7b80000)
 ParOldGen       total 124928K, used 63305K [0x0000000080000000, 0x0000000087a00000, 0x00000000d5580000)
  object space 124928K, 50% used [0x0000000080000000,0x0000000083dd26a8,0x0000000087a00000)
 Metaspace       used 51522K, capacity 52720K, committed 52864K, reserved 1095680K
  class space    used 6958K, capacity 7228K, committed 7296K, reserved 1048576K

