# JRE version: Java(TM) SE Runtime Environment (8.0_121-b13) (build 1.8.0_121-b13)
# Java VM: Java HotSpot(TM) 64-Bit Server VM (25.121-b13 mixed mode linux-amd64 compressed oops)
Heap:
 PSYoungGen      total 233984K, used 12257K [0x00000000eab00000, 0x0000000100000000, 0x0000000100000000)
  eden space 161792K, 0% used [0x00000000eab00000,0x00000000eab00000,0x00000000f4900000)
  from space 72192K, 16% used [0x00000000fb980000,0x00000000fc5784e0,0x0000000100000000)
  to   space 93696K, 0% used [0x00000000f4900000,0x00000000f4900000,0x00000000fa480000)
 ParOldGen       total 263168K, used 262840K [0x00000000c0000000, 0x00000000d0100000, 0x00000000eab00000)
  object space 263168K, 99% used [0x00000000c0000000,0x00000000d00ae2c0,0x00000000d0100000)
 Metaspace       used 6683K, capacity 7320K, committed 7680K, reserved 1056768K
  class space    used 634K, capacity 656K, committed 768K, reserved 1048576K
GC Heap History (10 events):
Event: 6.845 GC heap after
Heap after GC invocations=15 (full 2):
 PSYoungGen      total 259584K, used 33824K [0x00000000eab00000, 0x0000000100000000, 0x0000000100000000)
  eden space 225280K, 0% used [0x00000000eab00000,0x00000000eab00000,0x00000000f8700000)
  from space 34304K, 98% used [0x00000000f8700000,0x00000000fa808000,0x00000000fa880000)
  to   space 62464K, 0% used [0x00000000fc300000,0x00000000fc300000,0x0000000100000000)
 ParOldGen       total 159744K, used 159688K [0x00000000c0000000, 0x00000000c9c00000, 0x00000000eab00000)
  object space 159744K, 99% used [0x00000000c0000000,0x00000000c9bf2118,0x00000000c9c00000)
 Metaspace       used 6667K, capacity 7320K, committed 7680K, reserved 1056768K
  class space    used 634K, capacity 656K, committed 768K, reserved 1048576K
}
Event: 6.845 GC heap before
{Heap before GC invocations=16 (full 3):
 PSYoungGen      total 259584K, used 33824K [0x00000000eab00000, 0x0000000100000000, 0x0000000100000000)
  eden space 225280K, 0% used [0x00000000eab00000,0x00000000eab00000,0x00000000f8700000)
  from space 34304K, 98% used [0x00000000f8700000,0x00000000fa808000,0x00000000fa880000)
  to   space 62464K, 0% used [0x00000000fc300000,0x00000000fc300000,0x0000000100000000)
 ParOldGen       total 159744K, used 159688K [0x00000000c0000000, 0x00000000c9c00000, 0x00000000eab00000)
  object space 159744K, 99% used [0x00000000c0000000,0x00000000c9bf2118,0x00000000c9c00000)
 Metaspace       used 6667K, capacity 7320K, committed 7680K, reserved 1056768K
  class space    used 634K, capacity 656K, committed 768K, reserved 1048576K
Event: 8.163 GC heap after
Heap after GC invocations=16 (full 3):
 PSYoungGen      total 259584K, used 28971K [0x00000000eab00000, 0x0000000100000000, 0x0000000100000000)
  eden space 225280K, 0% used [0x00000000eab00000,0x00000000eab00000,0x00000000f8700000)
  from space 34304K, 84% used [0x00000000f8700000,0x00000000fa34ac78,0x00000000fa880000)
  to   space 62464K, 0% used [0x00000000fc300000,0x00000000fc300000,0x0000000100000000)
 ParOldGen       total 263168K, used 159482K [0x00000000c0000000, 0x00000000d0100000, 0x00000000eab00000)
  object space 263168K, 60% used [0x00000000c0000000,0x00000000c9bbe910,0x00000000d0100000)
 Metaspace       used 6667K, capacity 7320K, committed 7680K, reserved 1056768K
  class space    used 634K, capacity 656K, committed 768K, reserved 1048576K
}
Event: 8.762 GC heap before
{Heap before GC invocations=17 (full 3):
 PSYoungGen      total 259584K, used 254251K [0x00000000eab00000, 0x0000000100000000, 0x0000000100000000)
  eden space 225280K, 100% used [0x00000000eab00000,0x00000000f8700000,0x00000000f8700000)
  from space 34304K, 84% used [0x00000000f8700000,0x00000000fa34ac78,0x00000000fa880000)
  to   space 62464K, 0% used [0x00000000fc300000,0x00000000fc300000,0x0000000100000000)
 ParOldGen       total 263168K, used 159482K [0x00000000c0000000, 0x00000000d0100000, 0x00000000eab00000)
  object space 263168K, 60% used [0x00000000c0000000,0x00000000c9bbe910,0x00000000d0100000)
 Metaspace       used 6670K, capacity 7320K, committed 7680K, reserved 1056768K
  class space    used 634K, capacity 656K, committed 768K, reserved 1048576K
Event: 8.940 GC heap after
Heap after GC invocations=17 (full 3):
 PSYoungGen      total 267264K, used 60064K [0x00000000eab00000, 0x0000000100000000, 0x0000000100000000)
  eden space 204800K, 0% used [0x00000000eab00000,0x00000000eab00000,0x00000000f7300000)
  from space 62464K, 96% used [0x00000000fc300000,0x00000000ffda8150,0x0000000100000000)
  to   space 72192K, 0% used [0x00000000f7300000,0x00000000f7300000,0x00000000fb980000)
 ParOldGen       total 263168K, used 159482K [0x00000000c0000000, 0x00000000d0100000, 0x00000000eab00000)
  object space 263168K, 60% used [0x00000000c0000000,0x00000000c9bbe910,0x00000000d0100000)
 Metaspace       used 6670K, capacity 7320K, committed 7680K, reserved 1056768K
  class space    used 634K, capacity 656K, committed 768K, reserved 1048576K
}
Event: 9.513 GC heap before
{Heap before GC invocations=18 (full 3):
 PSYoungGen      total 267264K, used 264864K [0x00000000eab00000, 0x0000000100000000, 0x0000000100000000)
  eden space 204800K, 100% used [0x00000000eab00000,0x00000000f7300000,0x00000000f7300000)
  from space 62464K, 96% used [0x00000000fc300000,0x00000000ffda8150,0x0000000100000000)
  to   space 72192K, 0% used [0x00000000f7300000,0x00000000f7300000,0x00000000fb980000)
 ParOldGen       total 263168K, used 159482K [0x00000000c0000000, 0x00000000d0100000, 0x00000000eab00000)
  object space 263168K, 60% used [0x00000000c0000000,0x00000000c9bbe910,0x00000000d0100000)
 Metaspace       used 6677K, capacity 7320K, committed 7680K, reserved 1056768K
  class space    used 634K, capacity 656K, committed 768K, reserved 1048576K
Event: 9.705 GC heap after
Heap after GC invocations=18 (full 3):
 PSYoungGen      total 276992K, used 72164K [0x00000000eab00000, 0x0000000100000000, 0x0000000100000000)
  eden space 204800K, 0% used [0x00000000eab00000,0x00000000eab00000,0x00000000f7300000)
  from space 72192K, 99% used [0x00000000f7300000,0x00000000fb9792c0,0x00000000fb980000)
  to   space 72192K, 0% used [0x00000000fb980000,0x00000000fb980000,0x0000000100000000)
 ParOldGen       total 263168K, used 176263K [0x00000000c0000000, 0x00000000d0100000, 0x00000000eab00000)
  object space 263168K, 66% used [0x00000000c0000000,0x00000000cac21e08,0x00000000d0100000)
 Metaspace       used 6677K, capacity 7320K, committed 7680K, reserved 1056768K
  class space    used 634K, capacity 656K, committed 768K, reserved 1048576K
}
Event: 10.227 GC heap before
{Heap before GC invocations=19 (full 3):
 PSYoungGen      total 276992K, used 276964K [0x00000000eab00000, 0x0000000100000000, 0x0000000100000000)
  eden space 204800K, 100% used [0x00000000eab00000,0x00000000f7300000,0x00000000f7300000)
  from space 72192K, 99% used [0x00000000f7300000,0x00000000fb9792c0,0x00000000fb980000)
  to   space 72192K, 0% used [0x00000000fb980000,0x00000000fb980000,0x0000000100000000)
 ParOldGen       total 263168K, used 176263K [0x00000000c0000000, 0x00000000d0100000, 0x00000000eab00000)
  object space 263168K, 66% used [0x00000000c0000000,0x00000000cac21e08,0x00000000d0100000)
 Metaspace       used 6683K, capacity 7320K, committed 7680K, reserved 1056768K
  class space    used 634K, capacity 656K, committed 768K, reserved 1048576K
Event: 10.430 GC heap after
Heap after GC invocations=19 (full 3):
 PSYoungGen      total 233984K, used 56576K [0x00000000eab00000, 0x0000000100000000, 0x0000000100000000)
  eden space 161792K, 0% used [0x00000000eab00000,0x00000000eab00000,0x00000000f4900000)
  from space 72192K, 78% used [0x00000000fb980000,0x00000000ff0c01c8,0x0000000100000000)
  to   space 93696K, 0% used [0x00000000f4900000,0x00000000f4900000,0x00000000fa480000)
 ParOldGen       total 263168K, used 221504K [0x00000000c0000000, 0x00000000d0100000, 0x00000000eab00000)
  object space 263168K, 84% used [0x00000000c0000000,0x00000000cd850120,0x00000000d0100000)
 Metaspace       used 6683K, capacity 7320K, committed 7680K, reserved 1056768K
  class space    used 634K, capacity 656K, committed 768K, reserved 1048576K
}
Event: 10.430 GC heap before
{Heap before GC invocations=20 (full 4):
 PSYoungGen      total 233984K, used 56576K [0x00000000eab00000, 0x0000000100000000, 0x0000000100000000)
  eden space 161792K, 0% used [0x00000000eab00000,0x00000000eab00000,0x00000000f4900000)
  from space 72192K, 78% used [0x00000000fb980000,0x00000000ff0c01c8,0x0000000100000000)
  to   space 93696K, 0% used [0x00000000f4900000,0x00000000f4900000,0x00000000fa480000)
 ParOldGen       total 263168K, used 221504K [0x00000000c0000000, 0x00000000d0100000, 0x00000000eab00000)
  object space 263168K, 84% used [0x00000000c0000000,0x00000000cd850120,0x00000000d0100000)
 Metaspace       used 6683K, capacity 7320K, committed 7680K, reserved 1056768K
  class space    used 634K, capacity 656K, committed 768K, reserved 1048576K

