# JRE version: Java(TM) SE Runtime Environment (8.0_121-b13) (build 1.8.0_121-b13)
# Java VM: Java HotSpot(TM) 64-Bit Server VM (25.121-b13 mixed mode linux-amd64 compressed oops)
Heap:
 PSYoungGen      total 236032K, used 8816K [0x00000000eab00000, 0x0000000100000000, 0x0000000100000000)
  eden space 163840K, 0% used [0x00000000eab00000,0x00000000eab00000,0x00000000f4b00000)
  from space 72192K, 12% used [0x00000000fb980000,0x00000000fc21c1a8,0x0000000100000000)
  to   space 92672K, 0% used [0x00000000f4b00000,0x00000000f4b00000,0x00000000fa580000)
 ParOldGen       total 268800K, used 268323K [0x00000000c0000000, 0x00000000d0680000, 0x00000000eab00000)
  object space 268800K, 99% used [0x00000000c0000000,0x00000000d0608f58,0x00000000d0680000)
 Metaspace       used 6696K, capacity 7320K, committed 7680K, reserved 1056768K
  class space    used 634K, capacity 656K, committed 768K, reserved 1048576K
GC Heap History (10 events):
Event: 6.964 GC heap after
Heap after GC invocations=15 (full 2):
 PSYoungGen      total 286720K, used 33600K [0x00000000eab00000, 0x0000000100000000, 0x0000000100000000)
  eden space 224256K, 0% used [0x00000000eab00000,0x00000000eab00000,0x00000000f8600000)
  from space 62464K, 53% used [0x00000000f8600000,0x00000000fa6d0000,0x00000000fc300000)
  to   space 62464K, 0% used [0x00000000fc300000,0x00000000fc300000,0x0000000100000000)
 ParOldGen       total 160768K, used 160326K [0x00000000c0000000, 0x00000000c9d00000, 0x00000000eab00000)
  object space 160768K, 99% used [0x00000000c0000000,0x00000000c9c91ba0,0x00000000c9d00000)
 Metaspace       used 6683K, capacity 7256K, committed 7424K, reserved 1056768K
  class space    used 634K, capacity 656K, committed 768K, reserved 1048576K
}
Event: 6.964 GC heap before
{Heap before GC invocations=16 (full 3):
 PSYoungGen      total 286720K, used 33600K [0x00000000eab00000, 0x0000000100000000, 0x0000000100000000)
  eden space 224256K, 0% used [0x00000000eab00000,0x00000000eab00000,0x00000000f8600000)
  from space 62464K, 53% used [0x00000000f8600000,0x00000000fa6d0000,0x00000000fc300000)
  to   space 62464K, 0% used [0x00000000fc300000,0x00000000fc300000,0x0000000100000000)
 ParOldGen       total 160768K, used 160326K [0x00000000c0000000, 0x00000000c9d00000, 0x00000000eab00000)
  object space 160768K, 99% used [0x00000000c0000000,0x00000000c9c91ba0,0x00000000c9d00000)
 Metaspace       used 6683K, capacity 7256K, committed 7424K, reserved 1056768K
  class space    used 634K, capacity 656K, committed 768K, reserved 1048576K
Event: 7.856 GC heap after
Heap after GC invocations=16 (full 3):
 PSYoungGen      total 286720K, used 27735K [0x00000000eab00000, 0x0000000100000000, 0x0000000100000000)
  eden space 224256K, 0% used [0x00000000eab00000,0x00000000eab00000,0x00000000f8600000)
  from space 62464K, 44% used [0x00000000f8600000,0x00000000fa115da0,0x00000000fc300000)
  to   space 62464K, 0% used [0x00000000fc300000,0x00000000fc300000,0x0000000100000000)
 ParOldGen       total 268800K, used 160507K [0x00000000c0000000, 0x00000000d0680000, 0x00000000eab00000)
  object space 268800K, 59% used [0x00000000c0000000,0x00000000c9cbedc0,0x00000000d0680000)
 Metaspace       used 6683K, capacity 7256K, committed 7424K, reserved 1056768K
  class space    used 634K, capacity 656K, committed 768K, reserved 1048576K
}
Event: 8.492 GC heap before
{Heap before GC invocations=17 (full 3):
 PSYoungGen      total 286720K, used 251991K [0x00000000eab00000, 0x0000000100000000, 0x0000000100000000)
  eden space 224256K, 100% used [0x00000000eab00000,0x00000000f8600000,0x00000000f8600000)
  from space 62464K, 44% used [0x00000000f8600000,0x00000000fa115da0,0x00000000fc300000)
  to   space 62464K, 0% used [0x00000000fc300000,0x00000000fc300000,0x0000000100000000)
 ParOldGen       total 268800K, used 160507K [0x00000000c0000000, 0x00000000d0680000, 0x00000000eab00000)
  object space 268800K, 59% used [0x00000000c0000000,0x00000000c9cbedc0,0x00000000d0680000)
 Metaspace       used 6686K, capacity 7320K, committed 7680K, reserved 1056768K
  class space    used 634K, capacity 656K, committed 768K, reserved 1048576K
Event: 8.677 GC heap after
Heap after GC invocations=17 (full 3):
 PSYoungGen      total 267264K, used 59641K [0x00000000eab00000, 0x0000000100000000, 0x0000000100000000)
  eden space 204800K, 0% used [0x00000000eab00000,0x00000000eab00000,0x00000000f7300000)
  from space 62464K, 95% used [0x00000000fc300000,0x00000000ffd3e498,0x0000000100000000)
  to   space 72192K, 0% used [0x00000000f7300000,0x00000000f7300000,0x00000000fb980000)
 ParOldGen       total 268800K, used 160507K [0x00000000c0000000, 0x00000000d0680000, 0x00000000eab00000)
  object space 268800K, 59% used [0x00000000c0000000,0x00000000c9cbedc0,0x00000000d0680000)
 Metaspace       used 6686K, capacity 7320K, committed 7680K, reserved 1056768K
  class space    used 634K, capacity 656K, committed 768K, reserved 1048576K
}
Event: 9.141 GC heap before
{Heap before GC invocations=18 (full 3):
 PSYoungGen      total 267264K, used 264441K [0x00000000eab00000, 0x0000000100000000, 0x0000000100000000)
  eden space 204800K, 100% used [0x00000000eab00000,0x00000000f7300000,0x00000000f7300000)
  from space 62464K, 95% used [0x00000000fc300000,0x00000000ffd3e498,0x0000000100000000)
  to   space 72192K, 0% used [0x00000000f7300000,0x00000000f7300000,0x00000000fb980000)
 ParOldGen       total 268800K, used 160507K [0x00000000c0000000, 0x00000000d0680000, 0x00000000eab00000)
  object space 268800K, 59% used [0x00000000c0000000,0x00000000c9cbedc0,0x00000000d0680000)
 Metaspace       used 6691K, capacity 7320K, committed 7680K, reserved 1056768K
  class space    used 634K, capacity 656K, committed 768K, reserved 1048576K
Event: 9.252 GC heap after
Heap after GC invocations=18 (full 3):
 PSYoungGen      total 276992K, used 72188K [0x00000000eab00000, 0x0000000100000000, 0x0000000100000000)
  eden space 204800K, 0% used [0x00000000eab00000,0x00000000eab00000,0x00000000f7300000)
  from space 72192K, 99% used [0x00000000f7300000,0x00000000fb97f2a8,0x00000000fb980000)
  to   space 72192K, 0% used [0x00000000fb980000,0x00000000fb980000,0x0000000100000000)
 ParOldGen       total 268800K, used 176836K [0x00000000c0000000, 0x00000000d0680000, 0x00000000eab00000)
  object space 268800K, 65% used [0x00000000c0000000,0x00000000cacb1230,0x00000000d0680000)
 Metaspace       used 6691K, capacity 7320K, committed 7680K, reserved 1056768K
  class space    used 634K, capacity 656K, committed 768K, reserved 1048576K
}
Event: 9.712 GC heap before
{Heap before GC invocations=19 (full 3):
 PSYoungGen      total 276992K, used 276988K [0x00000000eab00000, 0x0000000100000000, 0x0000000100000000)
  eden space 204800K, 100% used [0x00000000eab00000,0x00000000f7300000,0x00000000f7300000)
  from space 72192K, 99% used [0x00000000f7300000,0x00000000fb97f2a8,0x00000000fb980000)
  to   space 72192K, 0% used [0x00000000fb980000,0x00000000fb980000,0x0000000100000000)
 ParOldGen       total 268800K, used 176836K [0x00000000c0000000, 0x00000000d0680000, 0x00000000eab00000)
  object space 268800K, 65% used [0x00000000c0000000,0x00000000cacb1230,0x00000000d0680000)
 Metaspace       used 6696K, capacity 7320K, committed 7680K, reserved 1056768K
  class space    used 634K, capacity 656K, committed 768K, reserved 1048576K
Event: 9.846 GC heap after
Heap after GC invocations=19 (full 3):
 PSYoungGen      total 236032K, used 54002K [0x00000000eab00000, 0x0000000100000000, 0x0000000100000000)
  eden space 163840K, 0% used [0x00000000eab00000,0x00000000eab00000,0x00000000f4b00000)
  from space 72192K, 74% used [0x00000000fb980000,0x00000000fee3cac8,0x0000000100000000)
  to   space 92672K, 0% used [0x00000000f4b00000,0x00000000f4b00000,0x00000000fa580000)
 ParOldGen       total 268800K, used 225425K [0x00000000c0000000, 0x00000000d0680000, 0x00000000eab00000)
  object space 268800K, 83% used [0x00000000c0000000,0x00000000cdc245c8,0x00000000d0680000)
 Metaspace       used 6696K, capacity 7320K, committed 7680K, reserved 1056768K
  class space    used 634K, capacity 656K, committed 768K, reserved 1048576K
}
Event: 9.846 GC heap before
{Heap before GC invocations=20 (full 4):
 PSYoungGen      total 236032K, used 54002K [0x00000000eab00000, 0x0000000100000000, 0x0000000100000000)
  eden space 163840K, 0% used [0x00000000eab00000,0x00000000eab00000,0x00000000f4b00000)
  from space 72192K, 74% used [0x00000000fb980000,0x00000000fee3cac8,0x0000000100000000)
  to   space 92672K, 0% used [0x00000000f4b00000,0x00000000f4b00000,0x00000000fa580000)
 ParOldGen       total 268800K, used 225425K [0x00000000c0000000, 0x00000000d0680000, 0x00000000eab00000)
  object space 268800K, 83% used [0x00000000c0000000,0x00000000cdc245c8,0x00000000d0680000)
 Metaspace       used 6696K, capacity 7320K, committed 7680K, reserved 1056768K
  class space    used 634K, capacity 656K, committed 768K, reserved 1048576K

